<?xml version="1.0" encoding="UTF-8"?>
<!-- Generated by org.testng.reporters.JUnitXMLReporter -->
<testsuite ignored="0" hostname="Vinaymalkhed" failures="1" tests="2" name="Chrometest" time="25.126" errors="0" timestamp="2023-06-23T19:41:01 IST">
  <testcase classname="testCases.AccountRegistrationTest" name="testAccount" time="7.281"/>
  <testcase classname="testCases.TC_002_Loginpagetest" name="test_Login" time="10.708">
    <failure type="java.lang.AssertionError" message="expected [true] but found [false]">
      <![CDATA[java.lang.AssertionError: expected [true] but found [false]
at testCases.TC_002_Loginpagetest.test_Login(TC_002_Loginpagetest.java:36)
at java.base/java.util.ArrayList.forEach(ArrayList.java:1511)
... Removed 33 stack frames]]>
    </failure>
  </testcase> <!-- test_Login -->
</testsuite> <!-- Chrometest -->
